2021-01-22 09:04:55,730 - __main__ - INFO - Starting Bot !
2021-01-22 09:06:01,892 - __main__ - INFO - Starting Bot !
2021-01-22 09:15:13,605 - __main__ - INFO - Starting Bot !
2021-01-22 09:15:32,311 - root - INFO - Started 6 HandlerTasks
2021-01-22 09:15:42,299 - bot - INFO - AuthURL:1547037407
2021-01-22 09:16:12,154 - bot - INFO - AuthSuccess: 1547037407
2021-01-22 09:16:40,238 - bot - INFO - Download:1547037407: https://mirror.nforce.com/pub/speedtests/25mb.bin
2021-01-22 09:16:43,282 - bot - INFO - Downloading: https://mirror.nforce.com/pub/speedtests/25mb.bin in ./downloads/
2021-01-22 09:18:55,896 - pyrogram.dispatcher - ERROR - [Errno 2] No such file or directory: './downloads//./downloads//25mb.bin'
Traceback (most recent call last):
  File "/home/dharun/.local/lib/python3.8/site-packages/pyrogram/dispatcher.py", line 210, in handler_worker
    await self.loop.run_in_executor(
  File "/usr/lib/python3.8/concurrent/futures/thread.py", line 57, in run
    result = self.fn(*self.args, **self.kwargs)
  File "/home/dharun/addrive/bot/plugins/download.py", line 40, in _download
    sent_message.edit(Messages.DOWNLOADED_SUCCESSFULLY.format(os.path.basename(file_path), humanbytes(os.path.getsize(file_path))))
  File "/usr/lib/python3.8/genericpath.py", line 50, in getsize
    return os.stat(filename).st_size
FileNotFoundError: [Errno 2] No such file or directory: './downloads//./downloads//25mb.bin'
2021-01-22 09:19:50,023 - root - INFO - Stop signal received (2). Exiting...
2021-01-22 09:19:50,369 - root - INFO - Stopped 6 HandlerTasks
2021-01-22 09:19:50,372 - __main__ - INFO - Bot Stopped !
2021-01-22 09:20:19,491 - __main__ - INFO - Starting Bot !
2021-01-22 09:20:36,003 - __main__ - INFO - Starting Bot !
2021-01-22 09:20:44,626 - root - INFO - Started 6 HandlerTasks
2021-01-22 09:20:55,253 - bot - INFO - Download:1547037407: https://mirror.nforce.com/pub/speedtests/10mb.bin
2021-01-22 09:20:57,682 - bot - INFO - Downloading: https://mirror.nforce.com/pub/speedtests/10mb.bin in ./downloads/
2021-01-22 09:21:18,387 - bot - INFO - Upload: ./downloads/10mb.bin
2021-01-22 09:22:48,895 - bot - INFO - Deleteing: ./downloads/10mb.bin
2021-01-22 07:40:41,898 - __main__ - INFO - Starting Bot !
2021-01-22 07:40:58,663 - root - INFO - Started 6 HandlerTasks
2021-01-22 13:11:21,566 - bot - INFO - Download:1547037407: BQADBQADEQEAAo34gVU2j-gf-Yxy0hYE
2021-01-22 13:11:25,691 - bot - INFO - Upload: C:\Users\Dharun\bot\bot\bot\downloads\swift_installer.tgx-theme
2021-01-22 13:11:27,175 - googleapiclient.http - WARNING - Encountered 403 Forbidden with reason "rateLimitExceeded"
2021-01-22 13:11:27,175 - pyrogram.dispatcher - ERROR - 'ResumableUploadError' object has no attribute 'replace'
Traceback (most recent call last):
  File "C:\Users\Dharun\bot\bot\bot\helpers\gdrive_utils\gDrive.py", line 163, in upload_file
    uploaded_file = self.__service.files().create(body=body, media_body=media_body, fields='id', supportsTeamDrives=True).execute()
  File "C:\Users\Dharun\AppData\Local\Packages\PythonSoftwareFoundation.Python.3.7_qbz5n2kfra8p0\LocalCache\local-packages\Python37\site-packages\googleapiclient\_helpers.py", line 134, in positional_wrapper
    return wrapped(*args, **kwargs)
  File "C:\Users\Dharun\AppData\Local\Packages\PythonSoftwareFoundation.Python.3.7_qbz5n2kfra8p0\LocalCache\local-packages\Python37\site-packages\googleapiclient\http.py", line 879, in execute
    _, body = self.next_chunk(http=http, num_retries=num_retries)
  File "C:\Users\Dharun\AppData\Local\Packages\PythonSoftwareFoundation.Python.3.7_qbz5n2kfra8p0\LocalCache\local-packages\Python37\site-packages\googleapiclient\_helpers.py", line 134, in positional_wrapper
    return wrapped(*args, **kwargs)
  File "C:\Users\Dharun\AppData\Local\Packages\PythonSoftwareFoundation.Python.3.7_qbz5n2kfra8p0\LocalCache\local-packages\Python37\site-packages\googleapiclient\http.py", line 999, in next_chunk
    raise ResumableUploadError(resp, content)
googleapiclient.errors.ResumableUploadError: <HttpError 403 when requesting None returned "Rate Limit Exceeded". Details: "Rate Limit Exceeded">

During handling of the above exception, another exception occurred:

Traceback (most recent call last):
  File "C:\Users\Dharun\AppData\Local\Packages\PythonSoftwareFoundation.Python.3.7_qbz5n2kfra8p0\LocalCache\local-packages\Python37\site-packages\pyrogram\dispatcher.py", line 214, in handler_worker
    *args
  File "C:\Program Files\WindowsApps\PythonSoftwareFoundation.Python.3.7_3.7.2544.0_x64__qbz5n2kfra8p0\lib\concurrent\futures\thread.py", line 57, in run
    result = self.fn(*self.args, **self.kwargs)
  File "C:\Users\Dharun\bot\bot\bot\plugins\download.py", line 68, in _telegram_file
    msg = GoogleDrive(user_id).upload_file(file_path, file.mime_type)
  File "C:\Users\Dharun\bot\bot\bot\helpers\gdrive_utils\gDrive.py", line 172, in upload_file
    return f"**ERROR:** {err.replace('<', '').replace('>', '')}"
AttributeError: 'ResumableUploadError' object has no attribute 'replace'
2021-01-22 13:12:01,617 - bot - INFO - Download:1547037407: https://mirror.nforce.com/pub/speedtests/25mb.bin
2021-01-22 13:12:04,352 - bot - INFO - Downloading: https://mirror.nforce.com/pub/speedtests/25mb.bin in ./downloads/
2021-01-22 13:12:25,898 - bot - INFO - Upload: ./downloads/25mb.bin
2021-01-22 13:15:11,319 - bot - INFO - Deleteing: ./downloads/25mb.bin
2021-01-22 13:26:48,228 - __main__ - INFO - Starting Bot !
2021-01-22 13:27:13,808 - root - INFO - Started 6 HandlerTasks
2021-01-22 13:27:29,162 - bot - INFO - Download:1547037407: BQADBQADhQIAAkOyWFQFet1JVd9LRxYE
2021-01-22 13:27:41,008 - bot - INFO - Upload: C:\Users\Dharun\bot\bot\bot\downloads\Updater.apk
2021-01-22 13:27:51,272 - bot - INFO - Deleteing: C:\Users\Dharun\bot\bot\bot\downloads\Updater.apk
2021-01-22 13:28:01,274 - bot - INFO - Download:1547037407: BQADBQADhQIAAkOyWFQFet1JVd9LRxYE
2021-01-22 13:28:11,171 - bot - INFO - Upload: C:\Users\Dharun\bot\bot\bot\downloads\Updater.apk
2021-01-22 13:28:23,838 - bot - INFO - Deleteing: C:\Users\Dharun\bot\bot\bot\downloads\Updater.apk
2021-01-22 13:28:39,993 - root - INFO - Stop signal received (2). Exiting...
2021-01-22 13:28:40,133 - root - INFO - Stopped 6 HandlerTasks
2021-01-22 13:28:40,133 - __main__ - INFO - Bot Stopped !
2021-01-22 13:50:46,498 - __main__ - INFO - Starting Bot !
2021-01-22 13:51:01,813 - root - INFO - Started 6 HandlerTasks
2021-01-22 13:51:03,377 - bot - INFO - Download:1547037407: BQADBQADhQIAAkOyWFQFet1JVd9LRxYE
2021-01-22 13:51:17,276 - bot - INFO - Upload: C:\Users\Dharun\bot\gdrive\bot\downloads\Updater.apk
2021-01-22 13:51:39,592 - bot - INFO - Download:1547037407: https://mirror.nforce.com/pub/speedtests/10mb.bin
2021-01-22 13:51:47,608 - bot - INFO - Downloading: https://mirror.nforce.com/pub/speedtests/10mb.bin in ./downloads/
2021-01-22 13:52:20,514 - bot - INFO - Upload: ./downloads/10mb.bin
2021-01-22 13:55:31,018 - bot - INFO - Deleteing: C:\Users\Dharun\bot\gdrive\bot\downloads\Updater.apk
2021-01-22 13:56:11,562 - bot - INFO - Deleteing: ./downloads/10mb.bin
2021-01-22 14:02:37,251 - pyrogram.connection.connection - WARNING - timed out
2021-01-22 14:02:47,327 - pyrogram.connection.connection - WARNING - timed out
2021-01-22 14:02:57,357 - pyrogram.connection.connection - WARNING - timed out
2021-01-22 14:03:07,386 - pyrogram.connection.connection - WARNING - timed out
2021-01-22 14:03:17,568 - pyrogram.connection.connection - WARNING - timed out
2021-01-22 14:03:27,585 - pyrogram.connection.connection - WARNING - timed out
2021-01-22 14:03:27,601 - pyrogram.connection.connection - WARNING - Connection failed! Trying again...
2021-01-22 14:03:37,620 - pyrogram.connection.connection - WARNING - timed out
2021-01-22 14:03:37,635 - pyrogram.connection.connection - WARNING - Connection failed! Trying again...
2021-01-22 14:03:47,666 - pyrogram.connection.connection - WARNING - timed out
2021-01-22 14:03:57,840 - pyrogram.connection.connection - WARNING - timed out
2021-01-22 14:04:07,862 - pyrogram.connection.connection - WARNING - timed out
2021-01-22 14:04:17,891 - pyrogram.connection.connection - WARNING - timed out
2021-01-22 14:04:27,916 - pyrogram.connection.connection - WARNING - timed out
2021-01-22 14:04:28,104 - pyrogram.connection.connection - WARNING - Connection failed! Trying again...
2021-01-22 14:04:38,121 - pyrogram.connection.connection - WARNING - timed out
2021-01-22 14:04:38,137 - pyrogram.connection.connection - WARNING - Connection failed! Trying again...
2021-01-22 14:04:48,159 - pyrogram.connection.connection - WARNING - timed out
2021-01-22 14:04:58,188 - pyrogram.connection.connection - WARNING - timed out
2021-01-22 14:05:08,209 - pyrogram.connection.connection - WARNING - timed out
2021-01-22 14:08:18,897 - root - INFO - Stop signal received (2). Exiting...
2021-01-22 14:08:19,069 - root - INFO - Stopped 6 HandlerTasks
2021-01-22 14:08:19,069 - __main__ - INFO - Bot Stopped !
2021-01-22 14:08:24,259 - __main__ - INFO - Starting Bot !
2021-01-22 14:08:34,821 - pyrogram.connection.connection - WARNING - timed out
2021-01-22 14:08:45,267 - root - INFO - Started 6 HandlerTasks
2021-01-22 14:08:54,219 - bot - INFO - Download:1547037407: https://mirror.nforce.com/pub/speedtests/10mb.bin
2021-01-22 14:08:56,879 - bot - INFO - Downloading: https://mirror.nforce.com/pub/speedtests/10mb.bin in ./downloads/
2021-01-22 14:09:11,418 - bot - INFO - Upload: ./downloads/10mb.bin
2021-01-22 14:11:08,099 - root - INFO - Stop signal received (2). Exiting...
2021-01-22 14:11:08,524 - root - INFO - Stop signal received (2). Exiting...
2021-01-22 14:11:13,108 - root - INFO - Stop signal received (2). Exiting...
2021-01-22 14:11:32,797 - __main__ - INFO - Starting Bot !
2021-01-22 14:12:08,585 - __main__ - INFO - Starting Bot !
2021-01-22 14:12:18,484 - root - INFO - Started 6 HandlerTasks
2021-01-22 14:12:20,399 - bot - INFO - Download:1547037407: https://mirror.nforce.com/pub/speedtests/10mb.bin
2021-01-22 14:12:22,711 - bot - INFO - Downloading: https://mirror.nforce.com/pub/speedtests/10mb.bin in ./downloads/
2021-01-22 14:12:33,668 - root - INFO - Stop signal received (2). Exiting...
2021-01-22 14:12:33,778 - bot - INFO - Upload: ./downloads/10mb.bin
2021-01-22 14:12:38,677 - root - INFO - Stop signal received (2). Exiting...
2021-01-22 14:13:44,911 - __main__ - INFO - Starting Bot !
2021-01-22 14:13:54,827 - root - INFO - Started 6 HandlerTasks
2021-01-22 14:13:55,971 - bot - INFO - Download:1547037407: https://mirror.nforce.com/pub/speedtests/10mb.bin
2021-01-22 14:13:58,271 - bot - INFO - Downloading: https://mirror.nforce.com/pub/speedtests/10mb.bin in ./downloads/
2021-01-22 14:14:13,036 - bot - INFO - Upload: ./downloads/10mb.bin
2021-01-22 14:14:15,015 - root - INFO - Stop signal received (2). Exiting...
2021-01-22 14:18:11,393 - __main__ - INFO - Starting Bot !
2021-01-22 14:18:21,271 - root - INFO - Started 6 HandlerTasks
2021-01-22 14:18:29,124 - bot - INFO - Download:1547037407: https://mirror.nforce.com/pub/speedtests/10mb.bin
2021-01-22 14:18:31,511 - bot - INFO - Downloading: https://mirror.nforce.com/pub/speedtests/10mb.bin in ./downloads/
2021-01-22 14:18:48,337 - bot - INFO - Upload: ./downloads/10mb.bin
2021-01-22 14:23:07,357 - __main__ - INFO - Starting Bot !
2021-01-22 14:23:55,852 - __main__ - INFO - Starting Bot !
2021-01-22 14:24:06,755 - root - INFO - Started 6 HandlerTasks
2021-01-22 14:24:09,802 - bot - INFO - Download:1547037407: https://mirror.nforce.com/pub/speedtests/10mb.bin
2021-01-22 14:24:10,945 - pyrogram.dispatcher - ERROR - cannot unpack non-iterable NoneType object
Traceback (most recent call last):
  File "C:\Users\Dharun\AppData\Local\Packages\PythonSoftwareFoundation.Python.3.7_qbz5n2kfra8p0\LocalCache\local-packages\Python37\site-packages\pyrogram\dispatcher.py", line 214, in handler_worker
    *args
  File "C:\Program Files\WindowsApps\PythonSoftwareFoundation.Python.3.7_3.7.2544.0_x64__qbz5n2kfra8p0\lib\concurrent\futures\thread.py", line 57, in run
    result = self.fn(*self.args, **self.kwargs)
  File "C:\Users\Dharun\bot\gdrive\bot\plugins\download.py", line 38, in _download
    result, file_path = download_file(link, dl_path)
TypeError: cannot unpack non-iterable NoneType object
2021-01-22 14:26:34,198 - root - INFO - Stop signal received (2). Exiting...
2021-01-22 14:26:34,355 - root - INFO - Stopped 6 HandlerTasks
2021-01-22 14:26:34,355 - __main__ - INFO - Bot Stopped !
2021-01-22 14:49:51,242 - __main__ - INFO - Starting Bot !
2021-01-22 14:52:35,135 - __main__ - INFO - Starting Bot !
2021-01-22 14:53:26,876 - __main__ - INFO - Starting Bot !
2021-01-22 14:53:36,443 - root - INFO - Started 6 HandlerTasks
2021-01-22 14:53:37,637 - bot - INFO - Download:1547037407: https://mirror.nforce.com/pub/speedtests/10mb.bin
2021-01-22 14:53:40,116 - bot - INFO - Downloading: https://mirror.nforce.com/pub/speedtests/10mb.bin in ./downloads/
2021-01-22 14:53:49,629 - root - INFO - Stop signal received (2). Exiting...
2021-01-22 14:53:51,628 - root - INFO - Stop signal received (2). Exiting...
2021-01-22 14:55:31,182 - __main__ - INFO - Starting Bot !
2021-01-22 14:55:42,067 - root - INFO - Started 6 HandlerTasks
2021-01-22 14:55:43,321 - bot - INFO - Download:1547037407: https://mirror.nforce.com/pub/speedtests/10mb.bin
2021-01-22 14:55:45,760 - bot - INFO - Downloading: https://mirror.nforce.com/pub/speedtests/10mb.bin in ./downloads/
2021-01-22 14:56:00,360 - root - INFO - Stop signal received (2). Exiting...
2021-01-22 14:56:48,597 - __main__ - INFO - Starting Bot !
2021-01-22 14:56:58,807 - root - INFO - Started 6 HandlerTasks
2021-01-22 14:57:00,048 - bot - INFO - Download:1547037407: https://mirror.nforce.com/pub/speedtests/10mb.bin
2021-01-22 14:57:55,195 - __main__ - INFO - Starting Bot !
2021-01-22 14:58:05,884 - root - INFO - Started 6 HandlerTasks
2021-01-22 14:58:07,090 - bot - INFO - Download:1547037407: https://mirror.nforce.com/pub/speedtests/10mb.bin
2021-01-22 14:58:09,851 - bot - INFO - Downloading: https://mirror.nforce.com/pub/speedtests/10mb.bin in ./downloads/
2021-01-22 14:58:41,767 - __main__ - INFO - Starting Bot !
2021-01-22 14:58:52,246 - root - INFO - Started 6 HandlerTasks
2021-01-22 14:58:53,533 - bot - INFO - Download:1547037407: https://mirror.nforce.com/pub/speedtests/10mb.bin
2021-01-22 14:58:56,124 - bot - INFO - Downloading: https://mirror.nforce.com/pub/speedtests/10mb.bin in ./downloads/
2021-01-22 15:00:25,416 - __main__ - INFO - Starting Bot !
2021-01-22 15:00:35,693 - root - INFO - Started 6 HandlerTasks
2021-01-22 15:00:36,898 - bot - INFO - Download:1547037407: https://mirror.nforce.com/pub/speedtests/10mb.bin
2021-01-22 15:00:39,347 - bot - INFO - Downloading: https://mirror.nforce.com/pub/speedtests/10mb.bin in ./downloads/
2021-01-22 15:00:40,317 - pyrogram.parser.html - WARNING - Unclosed tags: <u> (x1)
2021-01-22 15:00:41,229 - pyrogram.parser.html - WARNING - Unclosed tags: <u> (x1)
2021-01-22 15:02:02,358 - __main__ - INFO - Starting Bot !
2021-01-22 15:02:19,590 - root - INFO - Started 6 HandlerTasks
2021-01-22 15:02:21,063 - bot - INFO - Download:1547037407: https://mirror.nforce.com/pub/speedtests/10mb.bin
2021-01-22 15:02:23,902 - bot - INFO - Downloading: https://mirror.nforce.com/pub/speedtests/10mb.bin in ./downloads/
2021-01-22 15:02:25,017 - pyrogram.parser.html - WARNING - Unclosed tags: <u> (x1)
2021-01-22 15:02:47,681 - pyrogram.dispatcher - ERROR - [WinError 3] The system cannot find the path specified: './downloads//./downloads//10mb (1).bin'
Traceback (most recent call last):
  File "C:\Users\Dharun\AppData\Local\Packages\PythonSoftwareFoundation.Python.3.7_qbz5n2kfra8p0\LocalCache\local-packages\Python37\site-packages\pyrogram\dispatcher.py", line 214, in handler_worker
    *args
  File "C:\Program Files\WindowsApps\PythonSoftwareFoundation.Python.3.7_3.7.2544.0_x64__qbz5n2kfra8p0\lib\concurrent\futures\thread.py", line 57, in run
    result = self.fn(*self.args, **self.kwargs)
  File "C:\Users\Dharun\bot\gdrive\bot\plugins\download.py", line 40, in _download
    sent_message.edit(Messages.DOWNLOADED_SUCCESSFULLY.format(os.path.basename(file_path), humanbytes(os.path.getsize(file_path))))
  File "C:\Program Files\WindowsApps\PythonSoftwareFoundation.Python.3.7_3.7.2544.0_x64__qbz5n2kfra8p0\lib\genericpath.py", line 50, in getsize
    return os.stat(filename).st_size
FileNotFoundError: [WinError 3] The system cannot find the path specified: './downloads//./downloads//10mb (1).bin'
2021-01-22 15:03:04,003 - root - INFO - Stop signal received (2). Exiting...
2021-01-22 15:03:04,474 - root - INFO - Stopped 6 HandlerTasks
2021-01-22 15:03:04,474 - __main__ - INFO - Bot Stopped !
2021-01-22 15:04:40,922 - __main__ - INFO - Starting Bot !
2021-01-22 15:04:51,102 - root - INFO - Started 6 HandlerTasks
2021-01-22 15:04:52,338 - bot - INFO - Download:1547037407: https://mirror.nforce.com/pub/speedtests/10mb.bin
2021-01-22 15:04:54,850 - bot - INFO - Downloading: https://mirror.nforce.com/pub/speedtests/10mb.bin in ./downloads/
2021-01-22 15:05:09,354 - root - INFO - Stop signal received (2). Exiting...
2021-01-22 15:06:05,715 - __main__ - INFO - Starting Bot !
2021-01-22 15:06:18,497 - root - INFO - Started 6 HandlerTasks
2021-01-22 15:06:25,381 - bot - INFO - Download:1547037407: https://mirror.nforce.com/pub/speedtests/10mb.bin
2021-01-22 15:06:28,248 - bot - INFO - Downloading: https://mirror.nforce.com/pub/speedtests/10mb.bin in ./downloads/
2021-01-22 15:08:29,089 - __main__ - INFO - Starting Bot !
2021-01-22 15:08:39,278 - root - INFO - Started 6 HandlerTasks
2021-01-22 15:08:48,910 - bot - INFO - Download:1547037407: https://mirror.nforce.com/pub/speedtests/10mb.bin
2021-01-22 15:08:51,490 - bot - INFO - Downloading: https://mirror.nforce.com/pub/speedtests/10mb.bin in ./downloads/
2021-01-22 15:10:37,567 - __main__ - INFO - Starting Bot !
2021-01-22 15:10:48,688 - root - INFO - Started 6 HandlerTasks
2021-01-22 15:10:50,051 - bot - INFO - Download:1547037407: https://mirror.nforce.com/pub/speedtests/10mb.bin
2021-01-22 15:10:53,387 - bot - INFO - Downloading: https://mirror.nforce.com/pub/speedtests/10mb.bin in ./downloads/
2021-01-22 15:14:09,014 - __main__ - INFO - Starting Bot !
2021-01-22 15:14:59,020 - __main__ - INFO - Starting Bot !
2021-01-22 15:15:09,128 - root - INFO - Started 6 HandlerTasks
2021-01-22 15:15:10,366 - bot - INFO - Download:1547037407: https://mirror.nforce.com/pub/speedtests/10mb.bin
2021-01-22 15:15:12,959 - bot - INFO - Downloading: https://mirror.nforce.com/pub/speedtests/10mb.bin in ./downloads/
2021-01-22 15:16:30,267 - __main__ - INFO - Starting Bot !
2021-01-22 15:16:45,699 - root - INFO - Started 6 HandlerTasks
2021-01-22 15:16:59,315 - bot - INFO - Download:1547037407: https://mirror.nforce.com/pub/speedtests/10mb.bin
2021-01-22 15:17:01,889 - bot - INFO - Downloading: https://mirror.nforce.com/pub/speedtests/10mb.bin in ./downloads/
2021-01-22 16:00:10,712 - __main__ - INFO - Starting Bot !
2021-01-22 16:00:27,042 - root - INFO - Started 6 HandlerTasks
2021-01-22 16:00:28,510 - bot - INFO - Download:1547037407: https://mirror.nforce.com/pub/speedtests/10mb.bin
2021-01-22 16:00:31,366 - bot - INFO - Downloading: https://mirror.nforce.com/pub/speedtests/10mb.bin in ./downloads/
2021-01-22 16:02:44,837 - __main__ - INFO - Starting Bot !
2021-01-22 16:02:54,783 - root - INFO - Started 6 HandlerTasks
2021-01-22 16:02:56,187 - bot - INFO - Download:1547037407: https://mirror.nforce.com/pub/speedtests/10mb.bin
2021-01-22 16:02:58,681 - bot - INFO - Downloading: https://mirror.nforce.com/pub/speedtests/10mb.bin in ./downloads/
2021-01-22 16:02:59,794 - pyrogram.parser.html - WARNING - Unclosed tags: <u> (x1)
2021-01-22 16:03:00,998 - pyrogram.parser.html - WARNING - Unclosed tags: <u> (x1)
2021-01-22 16:04:04,800 - __main__ - INFO - Starting Bot !
2021-01-22 16:04:16,891 - root - INFO - Started 6 HandlerTasks
2021-01-22 16:04:18,507 - bot - INFO - Download:1547037407: https://mirror.nforce.com/pub/speedtests/10mb.bin
2021-01-22 16:04:21,692 - bot - INFO - Downloading: https://mirror.nforce.com/pub/speedtests/10mb.bin in ./downloads/
2021-01-22 16:04:23,041 - pyrogram.parser.html - WARNING - Unclosed tags: <u> (x1)
2021-01-22 16:05:07,391 - pyrogram.parser.html - WARNING - Unclosed tags: <u> (x1)
2021-01-22 16:05:13,171 - pyrogram.parser.html - WARNING - Unclosed tags: <u> (x1)
2021-01-22 16:05:23,222 - bot - INFO - Upload: ./downloads/10mb.bin
2021-01-22 16:08:36,287 - bot - INFO - Deleteing: ./downloads/10mb.bin
2021-01-22 16:08:59,592 - bot - INFO - Download:1547037407: https://mirror.nforce.com/pub/speedtests/10mb.bin
2021-01-22 16:09:02,082 - bot - INFO - Downloading: https://mirror.nforce.com/pub/speedtests/10mb.bin in ./downloads/
2021-01-22 16:09:03,178 - pyrogram.parser.html - WARNING - Unclosed tags: <u> (x1)
2021-01-22 16:09:12,738 - bot - INFO - Upload: ./downloads/10mb.bin
2021-01-22 16:09:38,620 - bot - INFO - Deleteing: ./downloads/10mb.bin
2021-01-22 16:09:55,971 - root - INFO - Stop signal received (2). Exiting...
2021-01-22 16:09:56,127 - root - INFO - Stopped 6 HandlerTasks
2021-01-22 16:09:56,142 - __main__ - INFO - Bot Stopped !
2021-01-22 16:10:02,314 - __main__ - INFO - Starting Bot !
2021-01-22 16:10:12,016 - root - INFO - Started 6 HandlerTasks
2021-01-22 16:10:13,288 - bot - INFO - Download:1547037407: https://mirror.nforce.com/pub/speedtests/10mb.bin
2021-01-22 16:10:15,996 - bot - INFO - Downloading: https://mirror.nforce.com/pub/speedtests/10mb.bin in ./downloads/
2021-01-22 16:13:21,985 - __main__ - INFO - Starting Bot !
2021-01-22 16:13:31,430 - root - INFO - Started 6 HandlerTasks
2021-01-22 16:13:43,146 - bot - INFO - Download:1547037407: https://mirror.nforce.com/pub/speedtests/10mb.bin
2021-01-22 16:13:45,455 - bot - INFO - Downloading: https://mirror.nforce.com/pub/speedtests/10mb.bin in ./downloads/
2021-01-22 16:13:46,416 - pyrogram.parser.html - WARNING - Unclosed tags: <u> (x1)
2021-01-22 16:14:01,682 - bot - INFO - Upload: ./downloads/10mb.bin
2021-01-22 16:14:12,367 - bot - INFO - Download:1547037407: https://mirror.nforce.com/pub/speedtests/100mb.bin
2021-01-22 16:14:15,678 - bot - INFO - Downloading: https://mirror.nforce.com/pub/speedtests/100mb.bin in ./downloads/
2021-01-22 16:14:16,842 - pyrogram.parser.html - WARNING - Unclosed tags: <u> (x1)
2021-01-22 16:14:26,380 - bot - INFO - Deleteing: ./downloads/10mb.bin
2021-01-22 16:14:45,665 - root - INFO - Stop signal received (2). Exiting...
2021-01-22 16:14:45,665 - pyrogram.parser.html - WARNING - Unclosed tags: <u> (x1)
2021-01-22 16:14:46,009 - root - INFO - Stop signal received (2). Exiting...
2021-01-22 16:14:51,286 - pyrogram.parser.html - WARNING - Unclosed tags: <u> (x1)
2021-01-22 16:20:54,319 - __main__ - INFO - Starting Bot !
2021-01-22 16:21:09,678 - root - INFO - Started 6 HandlerTasks
2021-01-22 16:21:22,721 - bot - INFO - Download:1547037407: https://mirror.nforce.com/pub/speedtests/10mb.bin
2021-01-22 16:21:25,842 - bot - INFO - Downloading: https://mirror.nforce.com/pub/speedtests/10mb.bin in ./downloads/
2021-01-22 16:21:27,140 - pyrogram.parser.html - WARNING - Unclosed tags: <u> (x1)
2021-01-22 16:21:37,169 - pyrogram.parser.html - WARNING - Unclosed tags: <u> (x1)
2021-01-22 16:21:47,412 - bot - INFO - Upload: ./downloads/10mb.bin
